Determining if the pthread_create exist failed with the following output:
Change Dir: /home/ze/Documents/LogAnalysis_Algos/SRC/obstacle_selection/build/CMakeFiles/CMakeTmp

Run Build Command:"/usr/bin/make" "cmTC_5664a/fast"
make[1]: Entering directory '/home/ze/Documents/LogAnalysis_Algos/SRC/obstacle_selection/build/CMakeFiles/CMakeTmp'
/usr/bin/make -f CMakeFiles/cmTC_5664a.dir/build.make CMakeFiles/cmTC_5664a.dir/build
make[2]: Entering directory '/home/ze/Documents/LogAnalysis_Algos/SRC/obstacle_selection/build/CMakeFiles/CMakeTmp'
Building C object CMakeFiles/cmTC_5664a.dir/CheckSymbolExists.c.o
/usr/bin/cc     -o CMakeFiles/cmTC_5664a.dir/CheckSymbolExists.c.o   -c /home/ze/Documents/LogAnalysis_Algos/SRC/obstacle_selection/build/CMakeFiles/CMakeTmp/CheckSymbolExists.c
Linking C executable cmTC_5664a
/usr/bin/cmake -E cmake_link_script CMakeFiles/cmTC_5664a.dir/link.txt --verbose=1
/usr/bin/cc       CMakeFiles/cmTC_5664a.dir/CheckSymbolExists.c.o  -o cmTC_5664a 
CMakeFiles/cmTC_5664a.dir/CheckSymbolExists.c.o: In function `main':
CheckSymbolExists.c:(.text+0x16): undefined reference to `pthread_create'
collect2: error: ld returned 1 exit status
CMakeFiles/cmTC_5664a.dir/build.make:97: recipe for target 'cmTC_5664a' failed
make[2]: *** [cmTC_5664a] Error 1
make[2]: Leaving directory '/home/ze/Documents/LogAnalysis_Algos/SRC/obstacle_selection/build/CMakeFiles/CMakeTmp'
Makefile:126: recipe for target 'cmTC_5664a/fast' failed
make[1]: *** [cmTC_5664a/fast] Error 2
make[1]: Leaving directory '/home/ze/Documents/LogAnalysis_Algos/SRC/obstacle_selection/build/CMakeFiles/CMakeTmp'

File /home/ze/Documents/LogAnalysis_Algos/SRC/obstacle_selection/build/CMakeFiles/CMakeTmp/CheckSymbolExists.c:
/* */
#include <pthread.h>

int main(int argc, char** argv)
{
  (void)argv;
#ifndef pthread_create
  return ((int*)(&pthread_create))[argc];
#else
  (void)argc;
  return 0;
#endif
}

Determining if the function pthread_create exists in the pthreads failed with the following output:
Change Dir: /home/ze/Documents/LogAnalysis_Algos/SRC/obstacle_selection/build/CMakeFiles/CMakeTmp

Run Build Command:"/usr/bin/make" "cmTC_bfd3c/fast"
make[1]: Entering directory '/home/ze/Documents/LogAnalysis_Algos/SRC/obstacle_selection/build/CMakeFiles/CMakeTmp'
/usr/bin/make -f CMakeFiles/cmTC_bfd3c.dir/build.make CMakeFiles/cmTC_bfd3c.dir/build
make[2]: Entering directory '/home/ze/Documents/LogAnalysis_Algos/SRC/obstacle_selection/build/CMakeFiles/CMakeTmp'
Building C object CMakeFiles/cmTC_bfd3c.dir/CheckFunctionExists.c.o
/usr/bin/cc    -DCHECK_FUNCTION_EXISTS=pthread_create   -o CMakeFiles/cmTC_bfd3c.dir/CheckFunctionExists.c.o   -c /usr/share/cmake-3.5/Modules/CheckFunctionExists.c
Linking C executable cmTC_bfd3c
/usr/bin/cmake -E cmake_link_script CMakeFiles/cmTC_bfd3c.dir/link.txt --verbose=1
/usr/bin/cc   -DCHECK_FUNCTION_EXISTS=pthread_create    CMakeFiles/cmTC_bfd3c.dir/CheckFunctionExists.c.o  -o cmTC_bfd3c -lpthreads 
/usr/bin/ld: cannot find -lpthreads
collect2: error: ld returned 1 exit status
CMakeFiles/cmTC_bfd3c.dir/build.make:97: recipe for target 'cmTC_bfd3c' failed
make[2]: *** [cmTC_bfd3c] Error 1
make[2]: Leaving directory '/home/ze/Documents/LogAnalysis_Algos/SRC/obstacle_selection/build/CMakeFiles/CMakeTmp'
Makefile:126: recipe for target 'cmTC_bfd3c/fast' failed
make[1]: *** [cmTC_bfd3c/fast] Error 2
make[1]: Leaving directory '/home/ze/Documents/LogAnalysis_Algos/SRC/obstacle_selection/build/CMakeFiles/CMakeTmp'


